# JRE version: OpenJDK Runtime Environment (8.0_152-b01) (build 1.8.0_152-release-1343-b01)
# Java VM: OpenJDK 64-Bit Server VM (25.152-b01 mixed mode windows-amd64 compressed oops)
Heap:
 PSYoungGen      total 287744K, used 277827K [0x00000000e0000000, 0x00000000f6000000, 0x0000000100000000)
  eden space 256512K, 100% used [0x00000000e0000000,0x00000000efa80000,0x00000000efa80000)
  from space 31232K, 68% used [0x00000000efa80000,0x00000000f0f50c48,0x00000000f1900000)
  to   space 32256K, 43% used [0x00000000f4080000,0x00000000f4e216b8,0x00000000f6000000)
 ParOldGen       total 128512K, used 59976K [0x00000000a0000000, 0x00000000a7d80000, 0x00000000e0000000)
  object space 128512K, 46% used [0x00000000a0000000,0x00000000a3a922c0,0x00000000a7d80000)
 Metaspace       used 83485K, capacity 87562K, committed 87720K, reserved 1126400K
  class space    used 10730K, capacity 11627K, committed 11688K, reserved 1048576K
GC Heap History (10 events):
Event: 94.361 GC heap after
Heap after GC invocations=18 (full 3):
 PSYoungGen      total 239616K, used 6620K [0x00000000e0000000, 0x00000000f2400000, 0x0000000100000000)
  eden space 212992K, 0% used [0x00000000e0000000,0x00000000e0000000,0x00000000ed000000)
  from space 26624K, 24% used [0x00000000ed000000,0x00000000ed6770d8,0x00000000eea00000)
  to   space 25600K, 0% used [0x00000000f0b00000,0x00000000f0b00000,0x00000000f2400000)
 ParOldGen       total 128512K, used 59944K [0x00000000a0000000, 0x00000000a7d80000, 0x00000000e0000000)
  object space 128512K, 46% used [0x00000000a0000000,0x00000000a3a8a2c0,0x00000000a7d80000)
 Metaspace       used 73278K, capacity 76198K, committed 76328K, reserved 1116160K
  class space    used 9600K, capacity 10224K, committed 10280K, reserved 1048576K
}
Event: 193.761 GC heap before
{Heap before GC invocations=19 (full 3):
 PSYoungGen      total 239616K, used 219612K [0x00000000e0000000, 0x00000000f2400000, 0x0000000100000000)
  eden space 212992K, 100% used [0x00000000e0000000,0x00000000ed000000,0x00000000ed000000)
  from space 26624K, 24% used [0x00000000ed000000,0x00000000ed6770d8,0x00000000eea00000)
  to   space 25600K, 0% used [0x00000000f0b00000,0x00000000f0b00000,0x00000000f2400000)
 ParOldGen       total 128512K, used 59944K [0x00000000a0000000, 0x00000000a7d80000, 0x00000000e0000000)
  object space 128512K, 46% used [0x00000000a0000000,0x00000000a3a8a2c0,0x00000000a7d80000)
 Metaspace       used 75916K, capacity 79066K, committed 79272K, reserved 1118208K
  class space    used 9882K, capacity 10538K, committed 10664K, reserved 1048576K
Event: 193.782 GC heap after
Heap after GC invocations=19 (full 3):
 PSYoungGen      total 264192K, used 20438K [0x00000000e0000000, 0x00000000f2180000, 0x0000000100000000)
  eden space 241152K, 0% used [0x00000000e0000000,0x00000000e0000000,0x00000000eeb80000)
  from space 23040K, 88% used [0x00000000f0b00000,0x00000000f1ef5980,0x00000000f2180000)
  to   space 27648K, 0% used [0x00000000eeb80000,0x00000000eeb80000,0x00000000f0680000)
 ParOldGen       total 128512K, used 59952K [0x00000000a0000000, 0x00000000a7d80000, 0x00000000e0000000)
  object space 128512K, 46% used [0x00000000a0000000,0x00000000a3a8c2c0,0x00000000a7d80000)
 Metaspace       used 75916K, capacity 79066K, committed 79272K, reserved 1118208K
  class space    used 9882K, capacity 10538K, committed 10664K, reserved 1048576K
}
Event: 197.008 GC heap before
{Heap before GC invocations=20 (full 3):
 PSYoungGen      total 264192K, used 261497K [0x00000000e0000000, 0x00000000f2180000, 0x0000000100000000)
  eden space 241152K, 99% used [0x00000000e0000000,0x00000000eeb68d28,0x00000000eeb80000)
  from space 23040K, 88% used [0x00000000f0b00000,0x00000000f1ef5980,0x00000000f2180000)
  to   space 27648K, 0% used [0x00000000eeb80000,0x00000000eeb80000,0x00000000f0680000)
 ParOldGen       total 128512K, used 59952K [0x00000000a0000000, 0x00000000a7d80000, 0x00000000e0000000)
  object space 128512K, 46% used [0x00000000a0000000,0x00000000a3a8c2c0,0x00000000a7d80000)
 Metaspace       used 76756K, capacity 79960K, committed 80040K, reserved 1118208K
  class space    used 9947K, capacity 10639K, committed 10664K, reserved 1048576K
Event: 197.018 GC heap after
Heap after GC invocations=20 (full 3):
 PSYoungGen      total 268800K, used 17571K [0x00000000e0000000, 0x00000000f3580000, 0x0000000100000000)
  eden space 241152K, 0% used [0x00000000e0000000,0x00000000e0000000,0x00000000eeb80000)
  from space 27648K, 63% used [0x00000000eeb80000,0x00000000efca8f28,0x00000000f0680000)
  to   space 28160K, 0% used [0x00000000f1a00000,0x00000000f1a00000,0x00000000f3580000)
 ParOldGen       total 128512K, used 59960K [0x00000000a0000000, 0x00000000a7d80000, 0x00000000e0000000)
  object space 128512K, 46% used [0x00000000a0000000,0x00000000a3a8e2c0,0x00000000a7d80000)
 Metaspace       used 76756K, capacity 79960K, committed 80040K, reserved 1118208K
  class space    used 9947K, capacity 10639K, committed 10664K, reserved 1048576K
}
Event: 290.426 GC heap before
{Heap before GC invocations=21 (full 3):
 PSYoungGen      total 268800K, used 258718K [0x00000000e0000000, 0x00000000f3580000, 0x0000000100000000)
  eden space 241152K, 99% used [0x00000000e0000000,0x00000000eeb7ec90,0x00000000eeb80000)
  from space 27648K, 63% used [0x00000000eeb80000,0x00000000efca8f28,0x00000000f0680000)
  to   space 28160K, 0% used [0x00000000f1a00000,0x00000000f1a00000,0x00000000f3580000)
 ParOldGen       total 128512K, used 59960K [0x00000000a0000000, 0x00000000a7d80000, 0x00000000e0000000)
  object space 128512K, 46% used [0x00000000a0000000,0x00000000a3a8e2c0,0x00000000a7d80000)
 Metaspace       used 77382K, capacity 80690K, committed 80936K, reserved 1120256K
  class space    used 10003K, capacity 10722K, committed 10792K, reserved 1048576K
Event: 290.450 GC heap after
Heap after GC invocations=21 (full 3):
 PSYoungGen      total 284672K, used 24267K [0x00000000e0000000, 0x00000000f3780000, 0x0000000100000000)
  eden space 256512K, 0% used [0x00000000e0000000,0x00000000e0000000,0x00000000efa80000)
  from space 28160K, 86% used [0x00000000f1a00000,0x00000000f31b2c98,0x00000000f3580000)
  to   space 31232K, 0% used [0x00000000efa80000,0x00000000efa80000,0x00000000f1900000)
 ParOldGen       total 128512K, used 59968K [0x00000000a0000000, 0x00000000a7d80000, 0x00000000e0000000)
  object space 128512K, 46% used [0x00000000a0000000,0x00000000a3a902c0,0x00000000a7d80000)
 Metaspace       used 77382K, capacity 80690K, committed 80936K, reserved 1120256K
  class space    used 10003K, capacity 10722K, committed 10792K, reserved 1048576K
}
Event: 291.452 GC heap before
{Heap before GC invocations=22 (full 3):
 PSYoungGen      total 284672K, used 280115K [0x00000000e0000000, 0x00000000f3780000, 0x0000000100000000)
  eden space 256512K, 99% used [0x00000000e0000000,0x00000000ef9da330,0x00000000efa80000)
  from space 28160K, 86% used [0x00000000f1a00000,0x00000000f31b2c98,0x00000000f3580000)
  to   space 31232K, 0% used [0x00000000efa80000,0x00000000efa80000,0x00000000f1900000)
 ParOldGen       total 128512K, used 59968K [0x00000000a0000000, 0x00000000a7d80000, 0x00000000e0000000)
  object space 128512K, 46% used [0x00000000a0000000,0x00000000a3a902c0,0x00000000a7d80000)
 Metaspace       used 77443K, capacity 80754K, committed 80936K, reserved 1120256K
  class space    used 10004K, capacity 10722K, committed 10792K, reserved 1048576K
Event: 291.496 GC heap after
Heap after GC invocations=22 (full 3):
 PSYoungGen      total 287744K, used 21315K [0x00000000e0000000, 0x00000000f6000000, 0x0000000100000000)
  eden space 256512K, 0% used [0x00000000e0000000,0x00000000e0000000,0x00000000efa80000)
  from space 31232K, 68% used [0x00000000efa80000,0x00000000f0f50c48,0x00000000f1900000)
  to   space 32256K, 0% used [0x00000000f4080000,0x00000000f4080000,0x00000000f6000000)
 ParOldGen       total 128512K, used 59968K [0x00000000a0000000, 0x00000000a7d80000, 0x00000000e0000000)
  object space 128512K, 46% used [0x00000000a0000000,0x00000000a3a902c0,0x00000000a7d80000)
 Metaspace       used 77443K, capacity 80754K, committed 80936K, reserved 1120256K
  class space    used 10004K, capacity 10722K, committed 10792K, reserved 1048576K
}
Event: 363.994 GC heap before
{Heap before GC invocations=23 (full 3):
 PSYoungGen      total 287744K, used 277827K [0x00000000e0000000, 0x00000000f6000000, 0x0000000100000000)
  eden space 256512K, 100% used [0x00000000e0000000,0x00000000efa80000,0x00000000efa80000)
  from space 31232K, 68% used [0x00000000efa80000,0x00000000f0f50c48,0x00000000f1900000)
  to   space 32256K, 0% used [0x00000000f4080000,0x00000000f4080000,0x00000000f6000000)
 ParOldGen       total 128512K, used 59968K [0x00000000a0000000, 0x00000000a7d80000, 0x00000000e0000000)
  object space 128512K, 46% used [0x00000000a0000000,0x00000000a3a902c0,0x00000000a7d80000)
 Metaspace       used 83485K, capacity 87562K, committed 87720K, reserved 1126400K
  class space    used 10730K, capacity 11627K, committed 11688K, reserved 1048576K

